nohup: 忽略输入
+ cmake -Bbuild -H. -DCMAKE_BUILD_TYPE=Debug
-- Configuring done
-- Generating done
-- Build files have been written to: /home/ubuntu/wcz/project/votesearch/build
+ cmake --build build
Consolidate compiler generated dependencies of target HCNNG_LIB
[ 38%] Built target HCNNG_LIB
Consolidate compiler generated dependencies of target test_2phase_search
[ 53%] Built target test_2phase_search
Consolidate compiler generated dependencies of target test_build_index
[ 69%] Built target test_build_index
Consolidate compiler generated dependencies of target test_guided_search
[ 84%] Built target test_guided_search
Consolidate compiler generated dependencies of target test_ordinary_search
[100%] Built target test_ordinary_search
+ mkdir -p bin/graph
+ dataset=sift
+ data_path=dataset/sift
+ ./bin/test_build_index dataset/sift/sift_base.fvecs 1000 20 ./bin/graph/hcnng.ivecs

***************************
MIN SZ CL:	1000
NUMBER CL:	20
***************************

base read (1000000,128) ...
creating clusters...
end cluster 11
end cluster 12
end cluster 3
end cluster 1
end cluster 4
end cluster 7
end cluster 10
end cluster 18
end cluster 2
end cluster 8
end cluster 19
end cluster 9
end cluster 0
end cluster 13
end cluster 6
end cluster 14
end cluster 5
end cluster 15
end cluster 16
end cluster 17
sorting...
num edges:	11745302
max degree:	53
min degree:	3
avg degree:	23.49
std degree:	6.12

+ ./bin/test_ordinary_search dataset/sift/sift_base.fvecs dataset/sift/sift_query.fvecs dataset/sift/sift_groundtruth.ivecs ./bin/graph/hcnng.ivecs 1 -1
base read (1000000,128) ...
queries read (10000,128)...
groundtruth read...
num edges:	11745302
max degree:	53
min degree:	3
avg degree:	23.49
std degree:	6.12

Recall@1(100):	1.18
Recall@1(125):	3.08
Recall@1(158):	7.59
Recall@1(199):	15.27
Recall@1(251):	30.01
Recall@1(316):	48.75
Recall@1(398):	65.71
Recall@1(501):	76.91
Recall@1(630):	85.21
Recall@1(794):	90.42
Recall@1(999):	93.73
Recall@1(1258):	95.94
Recall@1(1584):	97.20
Recall@1(1995):	97.97
Recall@1(2511):	98.44
Recall@1(3162):	98.79
Recall@1(3981):	98.92
Recall@1(5011):	99.02
Recall@1(6309):	99.08
Recall@1(7943):	99.09
Recall@1(9999):	99.11
+ ./bin/test_2phase_search dataset/sift/sift_base.fvecs dataset/sift/sift_query.fvecs dataset/sift/sift_groundtruth.ivecs ./bin/graph/hcnng.ivecs 1 -1
base read (1000000,128) ...
queries read (10000,128)...
groundtruth read...
num edges:	11745302
max degree:	53
min degree:	3
avg degree:	23.49
std degree:	6.12

Recall@1(100):	0.00
Recall@1(125):	0.01
Recall@1(158):	0.02
Recall@1(199):	0.02
Recall@1(251):	0.03
Recall@1(316):	0.07
Recall@1(398):	0.08
Recall@1(501):	0.28
Recall@1(630):	0.62
Recall@1(794):	1.03
Recall@1(999):	2.60
Recall@1(1258):	5.94
Recall@1(1584):	14.23
Recall@1(1995):	27.85
Recall@1(2511):	49.14
Recall@1(3162):	69.56
Recall@1(3981):	83.61
Recall@1(5011):	91.20
Recall@1(6309):	95.27
Recall@1(7943):	97.30
Recall@1(9999):	98.45
